[0m16:21:30.244770 [debug] [MainThread]: Sending event: {'category': 'dbt', 'action': 'invocation', 'label': 'start', 'context': [<snowplow_tracker.self_describing_json.SelfDescribingJson object at 0x0000026005CA4350>, <snowplow_tracker.self_describing_json.SelfDescribingJson object at 0x0000026005C89A50>, <snowplow_tracker.self_describing_json.SelfDescribingJson object at 0x0000026005C89010>]}


============================== 16:21:30.250766 | 68d422b9-6e5d-48b5-9212-57ef4531e4f5 ==============================
[0m16:21:30.250766 [info ] [MainThread]: Running with dbt=1.7.14
[0m16:21:30.251765 [debug] [MainThread]: running dbt with arguments {'printer_width': '80', 'indirect_selection': 'eager', 'write_json': 'True', 'log_cache_events': 'False', 'partial_parse': 'True', 'cache_selected_only': 'False', 'profiles_dir': 'C:\\Users\\ASUS\\.dbt', 'version_check': 'True', 'debug': 'False', 'log_path': 'logs', 'warn_error': 'None', 'fail_fast': 'False', 'use_colors': 'True', 'use_experimental_parser': 'False', 'no_print': 'None', 'quiet': 'False', 'warn_error_options': 'WarnErrorOptions(include=[], exclude=[])', 'invocation_command': 'dbt init', 'log_format': 'default', 'static_parser': 'True', 'target_path': 'None', 'introspect': 'True', 'send_anonymous_usage_stats': 'True'}
[0m16:22:12.945668 [debug] [MainThread]: Starter project path: C:\Users\ASUS\AppData\Local\Programs\Python\Python311\Lib\site-packages\dbt\include\starter_project
[0m16:22:12.965647 [info ] [MainThread]: 
Your new dbt project "medallion_dbt_spark" was created!

For more information on how to configure the profiles.yml file,
please consult the dbt documentation here:

  https://docs.getdbt.com/docs/configure-your-profile

One more thing:

Need help? Don't hesitate to reach out to us via GitHub issues or on Slack:

  https://community.getdbt.com/

Happy modeling!

[0m16:22:12.965647 [info ] [MainThread]: Setting up your profile.
[0m16:24:50.919874 [info ] [MainThread]: Profile medallion_dbt_spark written to C:\Users\ASUS\.dbt\profiles.yml using target's profile_template.yml and your supplied values. Run 'dbt debug' to validate the connection.
[0m16:24:50.921877 [debug] [MainThread]: Command `dbt init` succeeded at 16:24:50.920875 after 200.74 seconds
[0m16:24:50.921877 [debug] [MainThread]: Sending event: {'category': 'dbt', 'action': 'invocation', 'label': 'end', 'context': [<snowplow_tracker.self_describing_json.SelfDescribingJson object at 0x000002607E88FF50>, <snowplow_tracker.self_describing_json.SelfDescribingJson object at 0x0000026005AAE890>, <snowplow_tracker.self_describing_json.SelfDescribingJson object at 0x000002607EB6DE50>]}
[0m16:24:50.922878 [debug] [MainThread]: Flushing usage events
[0m16:25:14.563898 [debug] [MainThread]: Sending event: {'category': 'dbt', 'action': 'invocation', 'label': 'start', 'context': [<snowplow_tracker.self_describing_json.SelfDescribingJson object at 0x000001F18CC0CDD0>, <snowplow_tracker.self_describing_json.SelfDescribingJson object at 0x000001F18C9E6350>, <snowplow_tracker.self_describing_json.SelfDescribingJson object at 0x000001F18C29A410>]}


============================== 16:25:14.564919 | ade50e76-1644-4174-a47b-f0e8647e8462 ==============================
[0m16:25:14.564919 [info ] [MainThread]: Running with dbt=1.7.14
[0m16:25:14.564919 [debug] [MainThread]: running dbt with arguments {'printer_width': '80', 'indirect_selection': 'eager', 'write_json': 'True', 'log_cache_events': 'False', 'partial_parse': 'True', 'cache_selected_only': 'False', 'profiles_dir': 'C:\\Users\\ASUS\\.dbt', 'version_check': 'True', 'warn_error': 'None', 'log_path': 'logs', 'fail_fast': 'False', 'debug': 'False', 'use_colors': 'True', 'use_experimental_parser': 'False', 'no_print': 'None', 'quiet': 'False', 'log_format': 'default', 'static_parser': 'True', 'introspect': 'True', 'warn_error_options': 'WarnErrorOptions(include=[], exclude=[])', 'target_path': 'None', 'invocation_command': 'dbt debug', 'send_anonymous_usage_stats': 'True'}
[0m16:25:14.570578 [info ] [MainThread]: dbt version: 1.7.14
[0m16:25:14.570578 [info ] [MainThread]: python version: 3.11.5
[0m16:25:14.570578 [info ] [MainThread]: python path: C:\Users\ASUS\AppData\Local\Programs\Python\Python311\python.exe
[0m16:25:14.570578 [info ] [MainThread]: os info: Windows-10-10.0.22631-SP0
[0m16:25:14.575339 [info ] [MainThread]: Error importing adapter: No module named 'dbt.adapters.snowflake'
[0m16:25:15.904497 [info ] [MainThread]: Error importing adapter: No module named 'dbt.adapters.snowflake'
[0m16:25:15.904497 [info ] [MainThread]: Using profiles dir at C:\Users\ASUS\.dbt
[0m16:25:15.904497 [info ] [MainThread]: Using profiles.yml file at C:\Users\ASUS\.dbt\profiles.yml
[0m16:25:15.904497 [info ] [MainThread]: Using dbt_project.yml file at C:\Users\ASUS\Documents\3rd Year\DE Project\RobustDataPipelineForModernDataEngineering\dbt_project.yml
[0m16:25:15.904497 [info ] [MainThread]: Configuration:
[0m16:25:15.913946 [info ] [MainThread]:   profiles.yml file [[31mERROR invalid[0m]
[0m16:25:15.914962 [info ] [MainThread]:   dbt_project.yml file [[31mERROR not found[0m]
[0m16:25:15.915347 [info ] [MainThread]: Required dependencies:
[0m16:25:15.915347 [debug] [MainThread]: Executing "git --help"
[0m16:25:15.948430 [debug] [MainThread]: STDOUT: "b"usage: git [-v | --version] [-h | --help] [-C <path>] [-c <name>=<value>]\n           [--exec-path[=<path>]] [--html-path] [--man-path] [--info-path]\n           [-p | --paginate | -P | --no-pager] [--no-replace-objects] [--bare]\n           [--git-dir=<path>] [--work-tree=<path>] [--namespace=<name>]\n           [--config-env=<name>=<envvar>] <command> [<args>]\n\nThese are common Git commands used in various situations:\n\nstart a working area (see also: git help tutorial)\n   clone     Clone a repository into a new directory\n   init      Create an empty Git repository or reinitialize an existing one\n\nwork on the current change (see also: git help everyday)\n   add       Add file contents to the index\n   mv        Move or rename a file, a directory, or a symlink\n   restore   Restore working tree files\n   rm        Remove files from the working tree and from the index\n\nexamine the history and state (see also: git help revisions)\n   bisect    Use binary search to find the commit that introduced a bug\n   diff      Show changes between commits, commit and working tree, etc\n   grep      Print lines matching a pattern\n   log       Show commit logs\n   show      Show various types of objects\n   status    Show the working tree status\n\ngrow, mark and tweak your common history\n   branch    List, create, or delete branches\n   commit    Record changes to the repository\n   merge     Join two or more development histories together\n   rebase    Reapply commits on top of another base tip\n   reset     Reset current HEAD to the specified state\n   switch    Switch branches\n   tag       Create, list, delete or verify a tag object signed with GPG\n\ncollaborate (see also: git help workflows)\n   fetch     Download objects and refs from another repository\n   pull      Fetch from and integrate with another repository or a local branch\n   push      Update remote refs along with associated objects\n\n'git help -a' and 'git help -g' list available subcommands and some\nconcept guides. See 'git help <command>' or 'git help <concept>'\nto read about a specific subcommand or concept.\nSee 'git help git' for an overview of the system.\n""
[0m16:25:15.949434 [debug] [MainThread]: STDERR: "b''"
[0m16:25:15.949434 [info ] [MainThread]:  - git [[32mOK found[0m]

[0m16:25:15.949434 [info ] [MainThread]: Connection test skipped since no profile was found
[0m16:25:15.949434 [info ] [MainThread]: [31m2 checks failed:[0m
[0m16:25:15.949434 [info ] [MainThread]: Could not load dbt_project.yml
Profile loading failed for the following reason:
Runtime Error
  Credentials in profile "dsa", target "dev" invalid: Runtime Error
    Could not find adapter type snowflake!

Runtime Error
  Credentials in profile "oms_dbt_proj", target "dev" invalid: Runtime Error
    Could not find adapter type snowflake!


[0m16:25:15.953945 [info ] [MainThread]: Project loading failed for the following reason:
 project path <C:\Users\ASUS\Documents\3rd Year\DE Project\RobustDataPipelineForModernDataEngineering\dbt_project.yml> not found

[0m16:25:15.954971 [debug] [MainThread]: Command `dbt debug` failed at 16:25:15.954971 after 1.46 seconds
[0m16:25:15.954971 [debug] [MainThread]: Sending event: {'category': 'dbt', 'action': 'invocation', 'label': 'end', 'context': [<snowplow_tracker.self_describing_json.SelfDescribingJson object at 0x000001F18CBD7210>, <snowplow_tracker.self_describing_json.SelfDescribingJson object at 0x000001F18577FF50>, <snowplow_tracker.self_describing_json.SelfDescribingJson object at 0x000001F18C89AA10>]}
[0m16:25:15.954971 [debug] [MainThread]: Flushing usage events
